{"C:\\Hacktiv8\\phase2\\iProject\\IP-HCK77\\server\\app.js": {"path":"C:\\Hacktiv8\\phase2\\iProject\\IP-HCK77\\server\\app.js","statementMap":{"0":{"start":{"line":1,"column":0},"end":{"line":3,"column":1}},"1":{"start":{"line":2,"column":4},"end":{"line":2,"column":31}},"2":{"start":{"line":7,"column":16},"end":{"line":7,"column":34}},"3":{"start":{"line":8,"column":12},"end":{"line":8,"column":21}},"4":{"start":{"line":12,"column":23},"end":{"line":12,"column":62}},"5":{"start":{"line":13,"column":23},"end":{"line":13,"column":63}},"6":{"start":{"line":14,"column":23},"end":{"line":14,"column":62}},"7":{"start":{"line":15,"column":25},"end":{"line":15,"column":66}},"8":{"start":{"line":16,"column":25},"end":{"line":16,"column":62}},"9":{"start":{"line":17,"column":18},"end":{"line":17,"column":52}},"10":{"start":{"line":18,"column":20},"end":{"line":18,"column":49}},"11":{"start":{"line":21,"column":0},"end":{"line":21,"column":21}},"12":{"start":{"line":22,"column":0},"end":{"line":22,"column":49}},"13":{"start":{"line":23,"column":0},"end":{"line":23,"column":24}},"14":{"start":{"line":29,"column":0},"end":{"line":29,"column":47}},"15":{"start":{"line":30,"column":0},"end":{"line":30,"column":41}},"16":{"start":{"line":33,"column":0},"end":{"line":33,"column":43}},"17":{"start":{"line":36,"column":0},"end":{"line":36,"column":24}},"18":{"start":{"line":38,"column":0},"end":{"line":38,"column":47}},"19":{"start":{"line":39,"column":0},"end":{"line":39,"column":48}},"20":{"start":{"line":41,"column":0},"end":{"line":41,"column":65}},"21":{"start":{"line":42,"column":0},"end":{"line":42,"column":68}},"22":{"start":{"line":45,"column":0},"end":{"line":45,"column":22}},"23":{"start":{"line":47,"column":0},"end":{"line":47,"column":21}}},"fnMap":{},"branchMap":{"0":{"loc":{"start":{"line":1,"column":0},"end":{"line":3,"column":1}},"type":"if","locations":[{"start":{"line":1,"column":0},"end":{"line":3,"column":1}},{"start":{},"end":{}}],"line":1}},"s":{"0":1,"1":1,"2":1,"3":1,"4":1,"5":1,"6":1,"7":1,"8":1,"9":1,"10":1,"11":1,"12":1,"13":1,"14":1,"15":1,"16":1,"17":1,"18":1,"19":1,"20":1,"21":1,"22":1,"23":1},"f":{},"b":{"0":[1,0]},"_coverageSchema":"1a1c01bbd47fc00a2c39e90264f33305004495a9","hash":"1fe02d1f5be9c7809b8da5767925601c95253ca3"}
,"C:\\Hacktiv8\\phase2\\iProject\\IP-HCK77\\server\\controllers\\GamesController.js": {"path":"C:\\Hacktiv8\\phase2\\iProject\\IP-HCK77\\server\\controllers\\GamesController.js","statementMap":{"0":{"start":{"line":1,"column":17},"end":{"line":1,"column":37}},"1":{"start":{"line":4,"column":0},"end":{"line":14,"column":2}},"2":{"start":{"line":6,"column":8},"end":{"line":12,"column":9}},"3":{"start":{"line":7,"column":26},"end":{"line":7,"column":46}},"4":{"start":{"line":8,"column":12},"end":{"line":8,"column":40}},"5":{"start":{"line":10,"column":12},"end":{"line":10,"column":56}},"6":{"start":{"line":11,"column":12},"end":{"line":11,"column":22}}},"fnMap":{"0":{"name":"(anonymous_0)","decl":{"start":{"line":5,"column":4},"end":{"line":5,"column":5}},"loc":{"start":{"line":5,"column":42},"end":{"line":13,"column":5}},"line":5}},"branchMap":{},"s":{"0":1,"1":1,"2":1,"3":1,"4":1,"5":0,"6":0},"f":{"0":1},"b":{},"_coverageSchema":"1a1c01bbd47fc00a2c39e90264f33305004495a9","hash":"dd4edcdb297eb8ba74eafe0974ec6eda76809e1c"}
,"C:\\Hacktiv8\\phase2\\iProject\\IP-HCK77\\server\\controllers\\MyListController.js": {"path":"C:\\Hacktiv8\\phase2\\iProject\\IP-HCK77\\server\\controllers\\MyListController.js","statementMap":{"0":{"start":{"line":1,"column":19},"end":{"line":1,"column":39}},"1":{"start":{"line":2,"column":17},"end":{"line":2,"column":37}},"2":{"start":{"line":3,"column":17},"end":{"line":3,"column":37}},"3":{"start":{"line":5,"column":0},"end":{"line":94,"column":2}},"4":{"start":{"line":7,"column":8},"end":{"line":16,"column":9}},"5":{"start":{"line":8,"column":27},"end":{"line":8,"column":38}},"6":{"start":{"line":9,"column":27},"end":{"line":12,"column":14}},"7":{"start":{"line":13,"column":12},"end":{"line":13,"column":51}},"8":{"start":{"line":15,"column":12},"end":{"line":15,"column":24}},"9":{"start":{"line":20,"column":8},"end":{"line":45,"column":9}},"10":{"start":{"line":21,"column":31},"end":{"line":21,"column":39}},"11":{"start":{"line":22,"column":27},"end":{"line":22,"column":38}},"12":{"start":{"line":25,"column":31},"end":{"line":25,"column":58}},"13":{"start":{"line":26,"column":12},"end":{"line":31,"column":13}},"14":{"start":{"line":27,"column":16},"end":{"line":30,"column":19}},"15":{"start":{"line":33,"column":27},"end":{"line":33,"column":78}},"16":{"start":{"line":34,"column":12},"end":{"line":39,"column":13}},"17":{"start":{"line":35,"column":16},"end":{"line":38,"column":19}},"18":{"start":{"line":41,"column":27},"end":{"line":41,"column":66}},"19":{"start":{"line":42,"column":12},"end":{"line":42,"column":51}},"20":{"start":{"line":44,"column":12},"end":{"line":44,"column":24}},"21":{"start":{"line":49,"column":8},"end":{"line":71,"column":9}},"22":{"start":{"line":50,"column":12},"end":{"line":50,"column":42}},"23":{"start":{"line":51,"column":27},"end":{"line":51,"column":37}},"24":{"start":{"line":53,"column":27},"end":{"line":53,"column":52}},"25":{"start":{"line":54,"column":12},"end":{"line":59,"column":13}},"26":{"start":{"line":55,"column":16},"end":{"line":58,"column":19}},"27":{"start":{"line":61,"column":12},"end":{"line":63,"column":15}},"28":{"start":{"line":65,"column":12},"end":{"line":68,"column":15}},"29":{"start":{"line":70,"column":12},"end":{"line":70,"column":24}},"30":{"start":{"line":75,"column":8},"end":{"line":92,"column":9}},"31":{"start":{"line":76,"column":27},"end":{"line":76,"column":37}},"32":{"start":{"line":77,"column":27},"end":{"line":77,"column":52}},"33":{"start":{"line":79,"column":12},"end":{"line":84,"column":13}},"34":{"start":{"line":80,"column":16},"end":{"line":83,"column":19}},"35":{"start":{"line":86,"column":12},"end":{"line":86,"column":35}},"36":{"start":{"line":87,"column":12},"end":{"line":89,"column":15}},"37":{"start":{"line":91,"column":12},"end":{"line":91,"column":24}}},"fnMap":{"0":{"name":"(anonymous_0)","decl":{"start":{"line":6,"column":4},"end":{"line":6,"column":5}},"loc":{"start":{"line":6,"column":43},"end":{"line":17,"column":5}},"line":6},"1":{"name":"(anonymous_1)","decl":{"start":{"line":19,"column":4},"end":{"line":19,"column":5}},"loc":{"start":{"line":19,"column":43},"end":{"line":46,"column":5}},"line":19},"2":{"name":"(anonymous_2)","decl":{"start":{"line":48,"column":4},"end":{"line":48,"column":5}},"loc":{"start":{"line":48,"column":46},"end":{"line":72,"column":5}},"line":48},"3":{"name":"(anonymous_3)","decl":{"start":{"line":74,"column":4},"end":{"line":74,"column":5}},"loc":{"start":{"line":74,"column":46},"end":{"line":93,"column":5}},"line":74}},"branchMap":{"0":{"loc":{"start":{"line":26,"column":12},"end":{"line":31,"column":13}},"type":"if","locations":[{"start":{"line":26,"column":12},"end":{"line":31,"column":13}},{"start":{},"end":{}}],"line":26},"1":{"loc":{"start":{"line":34,"column":12},"end":{"line":39,"column":13}},"type":"if","locations":[{"start":{"line":34,"column":12},"end":{"line":39,"column":13}},{"start":{},"end":{}}],"line":34},"2":{"loc":{"start":{"line":54,"column":12},"end":{"line":59,"column":13}},"type":"if","locations":[{"start":{"line":54,"column":12},"end":{"line":59,"column":13}},{"start":{},"end":{}}],"line":54},"3":{"loc":{"start":{"line":79,"column":12},"end":{"line":84,"column":13}},"type":"if","locations":[{"start":{"line":79,"column":12},"end":{"line":84,"column":13}},{"start":{},"end":{}}],"line":79}},"s":{"0":1,"1":1,"2":1,"3":1,"4":1,"5":1,"6":1,"7":1,"8":0,"9":0,"10":0,"11":0,"12":0,"13":0,"14":0,"15":0,"16":0,"17":0,"18":0,"19":0,"20":0,"21":0,"22":0,"23":0,"24":0,"25":0,"26":0,"27":0,"28":0,"29":0,"30":0,"31":0,"32":0,"33":0,"34":0,"35":0,"36":0,"37":0},"f":{"0":1,"1":0,"2":0,"3":0},"b":{"0":[0,0],"1":[0,0],"2":[0,0],"3":[0,0]},"_coverageSchema":"1a1c01bbd47fc00a2c39e90264f33305004495a9","hash":"0dd17f1c86f51e99c271cd33c9570caf6acba50d"}
,"C:\\Hacktiv8\\phase2\\iProject\\IP-HCK77\\server\\controllers\\UserController.js": {"path":"C:\\Hacktiv8\\phase2\\iProject\\IP-HCK77\\server\\controllers\\UserController.js","statementMap":{"0":{"start":{"line":1,"column":22},"end":{"line":1,"column":47}},"1":{"start":{"line":2,"column":17},"end":{"line":2,"column":38}},"2":{"start":{"line":6,"column":8},"end":{"line":31,"column":9}},"3":{"start":{"line":7,"column":30},"end":{"line":7,"column":38}},"4":{"start":{"line":9,"column":28},"end":{"line":11,"column":14}},"5":{"start":{"line":13,"column":12},"end":{"line":16,"column":15}},"6":{"start":{"line":19,"column":12},"end":{"line":30,"column":13}},"7":{"start":{"line":23,"column":16},"end":{"line":25,"column":19}},"8":{"start":{"line":27,"column":16},"end":{"line":29,"column":19}},"9":{"start":{"line":35,"column":26},"end":{"line":35,"column":34}},"10":{"start":{"line":37,"column":8},"end":{"line":40,"column":9}},"11":{"start":{"line":38,"column":12},"end":{"line":38,"column":67}},"12":{"start":{"line":39,"column":12},"end":{"line":39,"column":19}},"13":{"start":{"line":41,"column":8},"end":{"line":59,"column":9}},"14":{"start":{"line":42,"column":25},"end":{"line":42,"column":65}},"15":{"start":{"line":44,"column":12},"end":{"line":47,"column":13}},"16":{"start":{"line":45,"column":16},"end":{"line":45,"column":67}},"17":{"start":{"line":46,"column":16},"end":{"line":46,"column":23}},"18":{"start":{"line":49,"column":33},"end":{"line":49,"column":59}},"19":{"start":{"line":51,"column":12},"end":{"line":53,"column":15}},"20":{"start":{"line":56,"column":12},"end":{"line":58,"column":15}},"21":{"start":{"line":63,"column":0},"end":{"line":63,"column":32}}},"fnMap":{"0":{"name":"(anonymous_0)","decl":{"start":{"line":5,"column":4},"end":{"line":5,"column":5}},"loc":{"start":{"line":5,"column":36},"end":{"line":32,"column":5}},"line":5},"1":{"name":"(anonymous_1)","decl":{"start":{"line":34,"column":4},"end":{"line":34,"column":5}},"loc":{"start":{"line":34,"column":33},"end":{"line":60,"column":5}},"line":34}},"branchMap":{"0":{"loc":{"start":{"line":19,"column":12},"end":{"line":30,"column":13}},"type":"if","locations":[{"start":{"line":19,"column":12},"end":{"line":30,"column":13}},{"start":{"line":26,"column":19},"end":{"line":30,"column":13}}],"line":19},"1":{"loc":{"start":{"line":20,"column":16},"end":{"line":21,"column":55}},"type":"binary-expr","locations":[{"start":{"line":20,"column":16},"end":{"line":20,"column":61}},{"start":{"line":21,"column":16},"end":{"line":21,"column":55}}],"line":20},"2":{"loc":{"start":{"line":37,"column":8},"end":{"line":40,"column":9}},"type":"if","locations":[{"start":{"line":37,"column":8},"end":{"line":40,"column":9}},{"start":{},"end":{}}],"line":37},"3":{"loc":{"start":{"line":44,"column":12},"end":{"line":47,"column":13}},"type":"if","locations":[{"start":{"line":44,"column":12},"end":{"line":47,"column":13}},{"start":{},"end":{}}],"line":44}},"s":{"0":1,"1":1,"2":0,"3":0,"4":0,"5":0,"6":0,"7":0,"8":0,"9":0,"10":0,"11":0,"12":0,"13":0,"14":0,"15":0,"16":0,"17":0,"18":0,"19":0,"20":0,"21":1},"f":{"0":0,"1":0},"b":{"0":[0,0],"1":[0,0],"2":[0,0],"3":[0,0]},"_coverageSchema":"1a1c01bbd47fc00a2c39e90264f33305004495a9","hash":"6210df0c99de0241b5227cd0d6881e5af498df16"}
,"C:\\Hacktiv8\\phase2\\iProject\\IP-HCK77\\server\\helpers\\jwt.js": {"path":"C:\\Hacktiv8\\phase2\\iProject\\IP-HCK77\\server\\helpers\\jwt.js","statementMap":{"0":{"start":{"line":1,"column":12},"end":{"line":1,"column":35}},"1":{"start":{"line":3,"column":15},"end":{"line":3,"column":37}},"2":{"start":{"line":5,"column":18},"end":{"line":7,"column":1}},"3":{"start":{"line":6,"column":4},"end":{"line":6,"column":37}},"4":{"start":{"line":9,"column":20},"end":{"line":11,"column":1}},"5":{"start":{"line":10,"column":4},"end":{"line":10,"column":37}},"6":{"start":{"line":13,"column":0},"end":{"line":13,"column":43}}},"fnMap":{"0":{"name":"(anonymous_0)","decl":{"start":{"line":5,"column":18},"end":{"line":5,"column":19}},"loc":{"start":{"line":5,"column":31},"end":{"line":7,"column":1}},"line":5},"1":{"name":"(anonymous_1)","decl":{"start":{"line":9,"column":20},"end":{"line":9,"column":21}},"loc":{"start":{"line":9,"column":31},"end":{"line":11,"column":1}},"line":9}},"branchMap":{},"s":{"0":1,"1":1,"2":1,"3":1,"4":1,"5":1,"6":1},"f":{"0":1,"1":1},"b":{},"_coverageSchema":"1a1c01bbd47fc00a2c39e90264f33305004495a9","hash":"e36cda0324e502862ed981e2da737f34544a3875"}
,"C:\\Hacktiv8\\phase2\\iProject\\IP-HCK77\\server\\middlewares\\authentication.js": {"path":"C:\\Hacktiv8\\phase2\\iProject\\IP-HCK77\\server\\middlewares\\authentication.js","statementMap":{"0":{"start":{"line":1,"column":17},"end":{"line":1,"column":37}},"1":{"start":{"line":2,"column":24},"end":{"line":2,"column":49}},"2":{"start":{"line":4,"column":0},"end":{"line":29,"column":2}},"3":{"start":{"line":5,"column":24},"end":{"line":5,"column":52}},"4":{"start":{"line":6,"column":4},"end":{"line":9,"column":5}},"5":{"start":{"line":7,"column":8},"end":{"line":7,"column":65}},"6":{"start":{"line":8,"column":8},"end":{"line":8,"column":15}},"7":{"start":{"line":11,"column":22},"end":{"line":11,"column":44}},"8":{"start":{"line":12,"column":4},"end":{"line":15,"column":5}},"9":{"start":{"line":13,"column":8},"end":{"line":13,"column":65}},"10":{"start":{"line":14,"column":8},"end":{"line":14,"column":15}},"11":{"start":{"line":16,"column":4},"end":{"line":28,"column":5}},"12":{"start":{"line":17,"column":21},"end":{"line":17,"column":39}},"13":{"start":{"line":18,"column":21},"end":{"line":18,"column":49}},"14":{"start":{"line":19,"column":8},"end":{"line":22,"column":9}},"15":{"start":{"line":20,"column":12},"end":{"line":20,"column":69}},"16":{"start":{"line":21,"column":12},"end":{"line":21,"column":19}},"17":{"start":{"line":24,"column":8},"end":{"line":24,"column":24}},"18":{"start":{"line":25,"column":8},"end":{"line":25,"column":15}},"19":{"start":{"line":27,"column":8},"end":{"line":27,"column":18}}},"fnMap":{"0":{"name":"authentication","decl":{"start":{"line":4,"column":32},"end":{"line":4,"column":46}},"loc":{"start":{"line":4,"column":63},"end":{"line":29,"column":1}},"line":4}},"branchMap":{"0":{"loc":{"start":{"line":6,"column":4},"end":{"line":9,"column":5}},"type":"if","locations":[{"start":{"line":6,"column":4},"end":{"line":9,"column":5}},{"start":{},"end":{}}],"line":6},"1":{"loc":{"start":{"line":12,"column":4},"end":{"line":15,"column":5}},"type":"if","locations":[{"start":{"line":12,"column":4},"end":{"line":15,"column":5}},{"start":{},"end":{}}],"line":12},"2":{"loc":{"start":{"line":19,"column":8},"end":{"line":22,"column":9}},"type":"if","locations":[{"start":{"line":19,"column":8},"end":{"line":22,"column":9}},{"start":{},"end":{}}],"line":19}},"s":{"0":1,"1":1,"2":1,"3":1,"4":1,"5":0,"6":0,"7":1,"8":1,"9":0,"10":0,"11":1,"12":1,"13":1,"14":1,"15":0,"16":0,"17":1,"18":1,"19":0},"f":{"0":1},"b":{"0":[0,1],"1":[0,1],"2":[0,1]},"_coverageSchema":"1a1c01bbd47fc00a2c39e90264f33305004495a9","hash":"d1a542ac8542b33f90fcc8f0b64c4fbeafd8a10a"}
,"C:\\Hacktiv8\\phase2\\iProject\\IP-HCK77\\server\\middlewares\\cors.js": {"path":"C:\\Hacktiv8\\phase2\\iProject\\IP-HCK77\\server\\middlewares\\cors.js","statementMap":{"0":{"start":{"line":1,"column":20},"end":{"line":21,"column":1}},"1":{"start":{"line":2,"column":4},"end":{"line":2,"column":51}},"2":{"start":{"line":3,"column":4},"end":{"line":6,"column":6}},"3":{"start":{"line":7,"column":4},"end":{"line":10,"column":6}},"4":{"start":{"line":11,"column":4},"end":{"line":11,"column":59}},"5":{"start":{"line":12,"column":4},"end":{"line":12,"column":52}},"6":{"start":{"line":13,"column":4},"end":{"line":13,"column":42}},"7":{"start":{"line":15,"column":4},"end":{"line":20,"column":5}},"8":{"start":{"line":16,"column":8},"end":{"line":16,"column":65}},"9":{"start":{"line":17,"column":8},"end":{"line":17,"column":15}},"10":{"start":{"line":19,"column":8},"end":{"line":19,"column":15}},"11":{"start":{"line":23,"column":0},"end":{"line":23,"column":29}}},"fnMap":{"0":{"name":"(anonymous_0)","decl":{"start":{"line":1,"column":20},"end":{"line":1,"column":21}},"loc":{"start":{"line":1,"column":46},"end":{"line":21,"column":1}},"line":1}},"branchMap":{"0":{"loc":{"start":{"line":15,"column":4},"end":{"line":20,"column":5}},"type":"if","locations":[{"start":{"line":15,"column":4},"end":{"line":20,"column":5}},{"start":{"line":18,"column":11},"end":{"line":20,"column":5}}],"line":15}},"s":{"0":1,"1":2,"2":2,"3":2,"4":2,"5":2,"6":2,"7":2,"8":0,"9":0,"10":2,"11":1},"f":{"0":2},"b":{"0":[0,2]},"_coverageSchema":"1a1c01bbd47fc00a2c39e90264f33305004495a9","hash":"a2ca9f2ad13c6de46fb700819a291b5b61526326"}
,"C:\\Hacktiv8\\phase2\\iProject\\IP-HCK77\\server\\middlewares\\errorHandler.js": {"path":"C:\\Hacktiv8\\phase2\\iProject\\IP-HCK77\\server\\middlewares\\errorHandler.js","statementMap":{"0":{"start":{"line":2,"column":4},"end":{"line":25,"column":5}},"1":{"start":{"line":5,"column":12},"end":{"line":5,"column":69}},"2":{"start":{"line":6,"column":12},"end":{"line":6,"column":19}},"3":{"start":{"line":8,"column":12},"end":{"line":8,"column":59}},"4":{"start":{"line":9,"column":12},"end":{"line":9,"column":19}},"5":{"start":{"line":11,"column":12},"end":{"line":11,"column":59}},"6":{"start":{"line":12,"column":12},"end":{"line":12,"column":19}},"7":{"start":{"line":14,"column":12},"end":{"line":14,"column":59}},"8":{"start":{"line":15,"column":12},"end":{"line":15,"column":19}},"9":{"start":{"line":17,"column":12},"end":{"line":17,"column":59}},"10":{"start":{"line":18,"column":12},"end":{"line":18,"column":19}},"11":{"start":{"line":20,"column":12},"end":{"line":20,"column":63}},"12":{"start":{"line":21,"column":12},"end":{"line":21,"column":19}},"13":{"start":{"line":23,"column":12},"end":{"line":23,"column":29}},"14":{"start":{"line":24,"column":12},"end":{"line":24,"column":71}},"15":{"start":{"line":28,"column":0},"end":{"line":28,"column":34}}},"fnMap":{"0":{"name":"errorHandler","decl":{"start":{"line":1,"column":9},"end":{"line":1,"column":21}},"loc":{"start":{"line":1,"column":43},"end":{"line":26,"column":1}},"line":1}},"branchMap":{"0":{"loc":{"start":{"line":2,"column":4},"end":{"line":25,"column":5}},"type":"switch","locations":[{"start":{"line":3,"column":8},"end":{"line":3,"column":40}},{"start":{"line":4,"column":8},"end":{"line":6,"column":19}},{"start":{"line":7,"column":8},"end":{"line":9,"column":19}},{"start":{"line":10,"column":8},"end":{"line":12,"column":19}},{"start":{"line":13,"column":8},"end":{"line":15,"column":19}},{"start":{"line":16,"column":8},"end":{"line":18,"column":19}},{"start":{"line":19,"column":8},"end":{"line":21,"column":19}},{"start":{"line":22,"column":8},"end":{"line":24,"column":71}}],"line":2}},"s":{"0":0,"1":0,"2":0,"3":0,"4":0,"5":0,"6":0,"7":0,"8":0,"9":0,"10":0,"11":0,"12":0,"13":0,"14":0,"15":1},"f":{"0":0},"b":{"0":[0,0,0,0,0,0,0,0]},"_coverageSchema":"1a1c01bbd47fc00a2c39e90264f33305004495a9","hash":"b94393369842c1d41fc41a96eee371ccc3ec8f27"}
,"C:\\Hacktiv8\\phase2\\iProject\\IP-HCK77\\server\\middlewares\\guardUser.js": {"path":"C:\\Hacktiv8\\phase2\\iProject\\IP-HCK77\\server\\middlewares\\guardUser.js","statementMap":{"0":{"start":{"line":1,"column":19},"end":{"line":1,"column":39}},"1":{"start":{"line":2,"column":0},"end":{"line":27,"column":1}},"2":{"start":{"line":3,"column":4},"end":{"line":26,"column":5}},"3":{"start":{"line":8,"column":25},"end":{"line":8,"column":46}},"4":{"start":{"line":9,"column":23},"end":{"line":9,"column":34}},"5":{"start":{"line":11,"column":23},"end":{"line":11,"column":54}},"6":{"start":{"line":13,"column":8},"end":{"line":16,"column":9}},"7":{"start":{"line":14,"column":12},"end":{"line":14,"column":66}},"8":{"start":{"line":15,"column":12},"end":{"line":15,"column":19}},"9":{"start":{"line":18,"column":8},"end":{"line":21,"column":9}},"10":{"start":{"line":19,"column":12},"end":{"line":19,"column":66}},"11":{"start":{"line":20,"column":12},"end":{"line":20,"column":19}},"12":{"start":{"line":23,"column":8},"end":{"line":23,"column":15}},"13":{"start":{"line":25,"column":8},"end":{"line":25,"column":67}}},"fnMap":{"0":{"name":"guardUser","decl":{"start":{"line":2,"column":32},"end":{"line":2,"column":41}},"loc":{"start":{"line":2,"column":58},"end":{"line":27,"column":1}},"line":2}},"branchMap":{"0":{"loc":{"start":{"line":13,"column":8},"end":{"line":16,"column":9}},"type":"if","locations":[{"start":{"line":13,"column":8},"end":{"line":16,"column":9}},{"start":{},"end":{}}],"line":13},"1":{"loc":{"start":{"line":18,"column":8},"end":{"line":21,"column":9}},"type":"if","locations":[{"start":{"line":18,"column":8},"end":{"line":21,"column":9}},{"start":{},"end":{}}],"line":18}},"s":{"0":1,"1":1,"2":0,"3":0,"4":0,"5":0,"6":0,"7":0,"8":0,"9":0,"10":0,"11":0,"12":0,"13":0},"f":{"0":0},"b":{"0":[0,0],"1":[0,0]},"_coverageSchema":"1a1c01bbd47fc00a2c39e90264f33305004495a9","hash":"da2953f62de7b4887be4b29e0621637095617667"}
,"C:\\Hacktiv8\\phase2\\iProject\\IP-HCK77\\server\\models\\game.js": {"path":"C:\\Hacktiv8\\phase2\\iProject\\IP-HCK77\\server\\models\\game.js","statementMap":{"0":{"start":{"line":2,"column":18},"end":{"line":2,"column":38}},"1":{"start":{"line":3,"column":0},"end":{"line":84,"column":2}},"2":{"start":{"line":12,"column":12},"end":{"line":12,"column":66}},"3":{"start":{"line":15,"column":4},"end":{"line":82,"column":6}},"4":{"start":{"line":83,"column":4},"end":{"line":83,"column":16}}},"fnMap":{"0":{"name":"(anonymous_0)","decl":{"start":{"line":3,"column":17},"end":{"line":3,"column":18}},"loc":{"start":{"line":3,"column":43},"end":{"line":84,"column":1}},"line":3},"1":{"name":"(anonymous_1)","decl":{"start":{"line":10,"column":8},"end":{"line":10,"column":9}},"loc":{"start":{"line":10,"column":33},"end":{"line":13,"column":9}},"line":10}},"branchMap":{},"s":{"0":1,"1":1,"2":1,"3":1,"4":1},"f":{"0":1,"1":1},"b":{},"_coverageSchema":"1a1c01bbd47fc00a2c39e90264f33305004495a9","hash":"13e90dc5be3915ecd667b0a43644f13bab3539cb"}
,"C:\\Hacktiv8\\phase2\\iProject\\IP-HCK77\\server\\models\\index.js": {"path":"C:\\Hacktiv8\\phase2\\iProject\\IP-HCK77\\server\\models\\index.js","statementMap":{"0":{"start":{"line":3,"column":11},"end":{"line":3,"column":24}},"1":{"start":{"line":4,"column":13},"end":{"line":4,"column":28}},"2":{"start":{"line":5,"column":18},"end":{"line":5,"column":38}},"3":{"start":{"line":6,"column":16},"end":{"line":6,"column":34}},"4":{"start":{"line":7,"column":17},"end":{"line":7,"column":42}},"5":{"start":{"line":8,"column":12},"end":{"line":8,"column":49}},"6":{"start":{"line":9,"column":15},"end":{"line":9,"column":65}},"7":{"start":{"line":10,"column":11},"end":{"line":10,"column":13}},"8":{"start":{"line":13,"column":0},"end":{"line":17,"column":1}},"9":{"start":{"line":14,"column":2},"end":{"line":14,"column":74}},"10":{"start":{"line":16,"column":2},"end":{"line":16,"column":87}},"11":{"start":{"line":19,"column":0},"end":{"line":32,"column":5}},"12":{"start":{"line":22,"column":4},"end":{"line":27,"column":6}},"13":{"start":{"line":30,"column":18},"end":{"line":30,"column":85}},"14":{"start":{"line":31,"column":4},"end":{"line":31,"column":27}},"15":{"start":{"line":34,"column":0},"end":{"line":38,"column":3}},"16":{"start":{"line":35,"column":2},"end":{"line":37,"column":3}},"17":{"start":{"line":36,"column":4},"end":{"line":36,"column":32}},"18":{"start":{"line":40,"column":0},"end":{"line":40,"column":25}},"19":{"start":{"line":41,"column":0},"end":{"line":41,"column":25}},"20":{"start":{"line":43,"column":0},"end":{"line":43,"column":20}}},"fnMap":{"0":{"name":"(anonymous_0)","decl":{"start":{"line":21,"column":10},"end":{"line":21,"column":11}},"loc":{"start":{"line":21,"column":18},"end":{"line":28,"column":3}},"line":21},"1":{"name":"(anonymous_1)","decl":{"start":{"line":29,"column":11},"end":{"line":29,"column":12}},"loc":{"start":{"line":29,"column":19},"end":{"line":32,"column":3}},"line":29},"2":{"name":"(anonymous_2)","decl":{"start":{"line":34,"column":24},"end":{"line":34,"column":25}},"loc":{"start":{"line":34,"column":37},"end":{"line":38,"column":1}},"line":34}},"branchMap":{"0":{"loc":{"start":{"line":8,"column":12},"end":{"line":8,"column":49}},"type":"binary-expr","locations":[{"start":{"line":8,"column":12},"end":{"line":8,"column":32}},{"start":{"line":8,"column":36},"end":{"line":8,"column":49}}],"line":8},"1":{"loc":{"start":{"line":13,"column":0},"end":{"line":17,"column":1}},"type":"if","locations":[{"start":{"line":13,"column":0},"end":{"line":17,"column":1}},{"start":{"line":15,"column":7},"end":{"line":17,"column":1}}],"line":13},"2":{"loc":{"start":{"line":23,"column":6},"end":{"line":26,"column":37}},"type":"binary-expr","locations":[{"start":{"line":23,"column":6},"end":{"line":23,"column":29}},{"start":{"line":24,"column":6},"end":{"line":24,"column":23}},{"start":{"line":25,"column":6},"end":{"line":25,"column":30}},{"start":{"line":26,"column":6},"end":{"line":26,"column":37}}],"line":23},"3":{"loc":{"start":{"line":35,"column":2},"end":{"line":37,"column":3}},"type":"if","locations":[{"start":{"line":35,"column":2},"end":{"line":37,"column":3}},{"start":{},"end":{}}],"line":35}},"s":{"0":1,"1":1,"2":1,"3":1,"4":1,"5":1,"6":1,"7":1,"8":1,"9":0,"10":1,"11":1,"12":4,"13":3,"14":3,"15":1,"16":3,"17":3,"18":1,"19":1,"20":1},"f":{"0":4,"1":3,"2":3},"b":{"0":[1,0],"1":[0,1],"2":[4,4,3,3],"3":[3,0]},"_coverageSchema":"1a1c01bbd47fc00a2c39e90264f33305004495a9","hash":"731ec5677b0a00eee3500d38bb83156c6f4448aa"}
,"C:\\Hacktiv8\\phase2\\iProject\\IP-HCK77\\server\\models\\mylist.js": {"path":"C:\\Hacktiv8\\phase2\\iProject\\IP-HCK77\\server\\models\\mylist.js","statementMap":{"0":{"start":{"line":2,"column":18},"end":{"line":2,"column":38}},"1":{"start":{"line":3,"column":0},"end":{"line":49,"column":2}},"2":{"start":{"line":12,"column":12},"end":{"line":12,"column":68}},"3":{"start":{"line":13,"column":12},"end":{"line":13,"column":68}},"4":{"start":{"line":16,"column":4},"end":{"line":47,"column":6}},"5":{"start":{"line":48,"column":4},"end":{"line":48,"column":18}}},"fnMap":{"0":{"name":"(anonymous_0)","decl":{"start":{"line":3,"column":17},"end":{"line":3,"column":18}},"loc":{"start":{"line":3,"column":43},"end":{"line":49,"column":1}},"line":3},"1":{"name":"(anonymous_1)","decl":{"start":{"line":10,"column":8},"end":{"line":10,"column":9}},"loc":{"start":{"line":10,"column":33},"end":{"line":14,"column":9}},"line":10}},"branchMap":{},"s":{"0":1,"1":1,"2":1,"3":1,"4":1,"5":1},"f":{"0":1,"1":1},"b":{},"_coverageSchema":"1a1c01bbd47fc00a2c39e90264f33305004495a9","hash":"efce1e4ffe5fbccb6e759bfe102daced917e8352"}
,"C:\\Hacktiv8\\phase2\\iProject\\IP-HCK77\\server\\models\\user.js": {"path":"C:\\Hacktiv8\\phase2\\iProject\\IP-HCK77\\server\\models\\user.js","statementMap":{"0":{"start":{"line":2,"column":18},"end":{"line":2,"column":38}},"1":{"start":{"line":3,"column":0},"end":{"line":42,"column":2}},"2":{"start":{"line":12,"column":12},"end":{"line":12,"column":66}},"3":{"start":{"line":15,"column":4},"end":{"line":40,"column":6}},"4":{"start":{"line":41,"column":4},"end":{"line":41,"column":16}}},"fnMap":{"0":{"name":"(anonymous_0)","decl":{"start":{"line":3,"column":17},"end":{"line":3,"column":18}},"loc":{"start":{"line":3,"column":43},"end":{"line":42,"column":1}},"line":3},"1":{"name":"(anonymous_1)","decl":{"start":{"line":10,"column":8},"end":{"line":10,"column":9}},"loc":{"start":{"line":10,"column":33},"end":{"line":13,"column":9}},"line":10}},"branchMap":{},"s":{"0":1,"1":1,"2":1,"3":1,"4":1},"f":{"0":1,"1":1},"b":{},"_coverageSchema":"1a1c01bbd47fc00a2c39e90264f33305004495a9","hash":"43a3cd03557ab3edeff573cda64f21a67a5590a8"}
}
